2019-12-06 18:02:37,337 [Worker-1: Loading available Gradle versions] INFO  o.e.b.c.i.u.g.PublishedGradleVersions - Gradle version information cache is up-to-date. Trying to read.
2019-12-06 18:03:12,489 [Worker-3: Updating Maven Dependencies] INFO  o.e.m.c.i.l.LifecycleMappingFactory - Using org.eclipse.m2e.jdt.JarLifecycleMapping lifecycle mapping for MavenProject: hu.pafr:richrail:0.0.1-SNAPSHOT @ C:\Users\winkp\OneDrive\Documenten\pafr\pom.xml.
2019-12-06 18:03:12,489 [Worker-10: Building workspace] INFO  o.e.m.c.i.l.LifecycleMappingFactory - Using org.eclipse.m2e.jdt.JarLifecycleMapping lifecycle mapping for MavenProject: hu.pafr:richrail:0.0.1-SNAPSHOT @ C:\Users\winkp\OneDrive\Documenten\pafr\pom.xml.
2019-12-06 18:03:16,028 [Worker-10: Building workspace] INFO  o.e.m.c.i.embedder.EclipseLogger - No ANTLR 4 grammars to compile in C:\Users\winkp\OneDrive\Documenten\pafr\src\main\antlr4
2019-12-06 18:03:16,387 [Worker-10: Building workspace] WARN  o.e.m.c.i.embedder.EclipseLogger - Using platform encoding (Cp1252 actually) to copy filtered resources, i.e. build is platform dependent!
2019-12-06 18:03:16,394 [Worker-10: Building workspace] INFO  o.e.m.c.i.embedder.EclipseLogger - skip non existing resourceDirectory C:\Users\winkp\OneDrive\Documenten\pafr\src\main\resources
2019-12-06 18:03:16,396 [Worker-10: Building workspace] WARN  o.e.m.c.i.embedder.EclipseLogger - Using platform encoding (Cp1252 actually) to copy filtered resources, i.e. build is platform dependent!
2019-12-06 18:03:16,402 [Worker-10: Building workspace] INFO  o.e.m.c.i.embedder.EclipseLogger - skip non existing resourceDirectory C:\Users\winkp\OneDrive\Documenten\pafr\src\test\resources
2019-12-06 18:03:17,975 [Worker-3: Updating Maven Dependencies] INFO  o.e.m.c.i.l.LifecycleMappingFactory - Using org.eclipse.m2e.jdt.JarLifecycleMapping lifecycle mapping for MavenProject: hu.pafr:richrail:0.0.1-SNAPSHOT @ C:\Users\winkp\OneDrive\Documenten\pafr\pom.xml.
2019-12-06 18:03:18,195 [Worker-1: Building workspace] INFO  o.e.m.c.i.embedder.EclipseLogger - No ANTLR 4 grammars to compile in C:\Users\winkp\OneDrive\Documenten\pafr\src\main\antlr4
2019-12-06 18:03:18,304 [Worker-1: Building workspace] WARN  o.e.m.c.i.embedder.EclipseLogger - Using platform encoding (Cp1252 actually) to copy filtered resources, i.e. build is platform dependent!
2019-12-06 18:03:18,310 [Worker-1: Building workspace] INFO  o.e.m.c.i.embedder.EclipseLogger - skip non existing resourceDirectory C:\Users\winkp\OneDrive\Documenten\pafr\src\main\resources
2019-12-06 18:03:18,313 [Worker-1: Building workspace] WARN  o.e.m.c.i.embedder.EclipseLogger - Using platform encoding (Cp1252 actually) to copy filtered resources, i.e. build is platform dependent!
2019-12-06 18:03:18,319 [Worker-1: Building workspace] INFO  o.e.m.c.i.embedder.EclipseLogger - skip non existing resourceDirectory C:\Users\winkp\OneDrive\Documenten\pafr\src\test\resources
2019-12-06 18:03:19,530 [Worker-6: Building workspace] INFO  o.e.m.c.i.embedder.EclipseLogger - No ANTLR 4 grammars to compile in C:\Users\winkp\OneDrive\Documenten\pafr\src\main\antlr4
2019-12-06 18:03:19,531 [Worker-6: Building workspace] WARN  o.e.m.c.i.embedder.EclipseLogger - Using platform encoding (Cp1252 actually) to copy filtered resources, i.e. build is platform dependent!
2019-12-06 18:03:19,544 [Worker-6: Building workspace] INFO  o.e.m.c.i.embedder.EclipseLogger - skip non existing resourceDirectory C:\Users\winkp\OneDrive\Documenten\pafr\src\main\resources
2019-12-06 18:03:19,546 [Worker-6: Building workspace] WARN  o.e.m.c.i.embedder.EclipseLogger - Using platform encoding (Cp1252 actually) to copy filtered resources, i.e. build is platform dependent!
2019-12-06 18:03:19,553 [Worker-6: Building workspace] INFO  o.e.m.c.i.embedder.EclipseLogger - skip non existing resourceDirectory C:\Users\winkp\OneDrive\Documenten\pafr\src\test\resources
2019-12-06 18:03:30,028 [Worker-10: Building workspace] INFO  o.e.m.c.i.embedder.EclipseLogger - No ANTLR 4 grammars to compile in C:\Users\winkp\OneDrive\Documenten\pafr\src\main\antlr4
2019-12-06 18:03:30,029 [Worker-10: Building workspace] WARN  o.e.m.c.i.embedder.EclipseLogger - Using platform encoding (Cp1252 actually) to copy filtered resources, i.e. build is platform dependent!
2019-12-06 18:03:30,124 [Worker-10: Building workspace] INFO  o.e.m.c.i.embedder.EclipseLogger - skip non existing resourceDirectory C:\Users\winkp\OneDrive\Documenten\pafr\src\main\resources
2019-12-06 18:03:30,125 [Worker-10: Building workspace] WARN  o.e.m.c.i.embedder.EclipseLogger - Using platform encoding (Cp1252 actually) to copy filtered resources, i.e. build is platform dependent!
2019-12-06 18:03:30,135 [Worker-10: Building workspace] INFO  o.e.m.c.i.embedder.EclipseLogger - skip non existing resourceDirectory C:\Users\winkp\OneDrive\Documenten\pafr\src\test\resources
